{"hora":"2025-05-15 07:04:15","input":{"token":"eyJ0eXAiOiJKV1QiLCJhbGciOiJIUzI1NiJ9.eyJpYXQiOjE3NDcyOTI0NjYsImV4cCI6MTc0NzI5MzA2NiwidWlkIjoxLCJ1c3VhcmlvIjoiYWRtaW4iLCJyb2wiOiJhZG1pbiJ9.PNdFeNhNIc2Agn5cX4jACfOzZKcaEzghYh2jdBTPsm0"}}
{"hora":"2025-05-15 07:04:16","input":{"token":"eyJ0eXAiOiJKV1QiLCJhbGciOiJIUzI1NiJ9.eyJpYXQiOjE3NDcyOTI0NjYsImV4cCI6MTc0NzI5MzA2NiwidWlkIjoxLCJ1c3VhcmlvIjoiYWRtaW4iLCJyb2wiOiJhZG1pbiJ9.PNdFeNhNIc2Agn5cX4jACfOzZKcaEzghYh2jdBTPsm0"}}
{"hora":"2025-05-15 07:04:17","input":{"token":"eyJ0eXAiOiJKV1QiLCJhbGciOiJIUzI1NiJ9.eyJpYXQiOjE3NDcyOTI0NjYsImV4cCI6MTc0NzI5MzA2NiwidWlkIjoxLCJ1c3VhcmlvIjoiYWRtaW4iLCJyb2wiOiJhZG1pbiJ9.PNdFeNhNIc2Agn5cX4jACfOzZKcaEzghYh2jdBTPsm0"}}
{"hora":"2025-05-15 07:04:19","input":{"token":"eyJ0eXAiOiJKV1QiLCJhbGciOiJIUzI1NiJ9.eyJpYXQiOjE3NDcyOTI0NjYsImV4cCI6MTc0NzI5MzA2NiwidWlkIjoxLCJ1c3VhcmlvIjoiYWRtaW4iLCJyb2wiOiJhZG1pbiJ9.PNdFeNhNIc2Agn5cX4jACfOzZKcaEzghYh2jdBTPsm0"}}
{"hora":"2025-05-15 07:12:27","input":null}
{"hora":"2025-05-15 07:12:30","input":{"token":"eyJ0eXAiOiJKV1QiLCJhbGciOiJIUzI1NiJ9.eyJpYXQiOjE3NDcyOTI0NjYsImV4cCI6MTc0NzI5MzA2NiwidWlkIjoxLCJ1c3VhcmlvIjoiYWRtaW4iLCJyb2wiOiJhZG1pbiJ9.PNdFeNhNIc2Agn5cX4jACfOzZKcaEzghYh2jdBTPsm0"}}
{"hora":"2025-05-15 07:18:02","input":{"token":"eyJ0eXAiOiJKV1QiLCJhbGciOiJIUzI1NiJ9.eyJpYXQiOjE3NDcyOTM0ODIsImV4cCI6MTc0NzI5NDA4MiwidWlkIjoxLCJ1c3VhcmlvIjoiYWRtaW4iLCJyb2wiOiJhZG1pbiJ9.YwjPWDay6w9hp_ycDmb1cIAx1obKMp0EXJZAFf0-qkE"}}
{"hora":"2025-05-15 07:18:16","input":null}
{"hora":"2025-05-15 07:18:27","input":null}
{"hora":"2025-05-15 07:18:31","input":{"token":"eyJ0eXAiOiJKV1QiLCJhbGciOiJIUzI1NiJ9.eyJpYXQiOjE3NDcyOTM0ODIsImV4cCI6MTc0NzI5NDA4MiwidWlkIjoxLCJ1c3VhcmlvIjoiYWRtaW4iLCJyb2wiOiJhZG1pbiJ9.YwjPWDay6w9hp_ycDmb1cIAx1obKMp0EXJZAFf0-qkE"}}
{"hora":"2025-05-15 07:18:34","input":{"token":"eyJ0eXAiOiJKV1QiLCJhbGciOiJIUzI1NiJ9.eyJpYXQiOjE3NDcyOTM0ODIsImV4cCI6MTc0NzI5NDA4MiwidWlkIjoxLCJ1c3VhcmlvIjoiYWRtaW4iLCJyb2wiOiJhZG1pbiJ9.YwjPWDay6w9hp_ycDmb1cIAx1obKMp0EXJZAFf0-qkE"}}
{"hora":"2025-05-15 07:18:37","input":{"token":"eyJ0eXAiOiJKV1QiLCJhbGciOiJIUzI1NiJ9.eyJpYXQiOjE3NDcyOTM0ODIsImV4cCI6MTc0NzI5NDA4MiwidWlkIjoxLCJ1c3VhcmlvIjoiYWRtaW4iLCJyb2wiOiJhZG1pbiJ9.YwjPWDay6w9hp_ycDmb1cIAx1obKMp0EXJZAFf0-qkE"}}
{"hora":"2025-05-15 07:20:01","input":{"token":"eyJ0eXAiOiJKV1QiLCJhbGciOiJIUzI1NiJ9.eyJpYXQiOjE3NDcyOTM2MDEsImV4cCI6MTc0NzI5NDIwMSwidWlkIjoxLCJ1c3VhcmlvIjoiYWRtaW4iLCJyb2wiOiJhZG1pbiJ9.ZjlNxKc02CQXnTHWgHCl7PRfviRvVnVffzWjfNOymnQ"}}
{"hora":"2025-05-15 07:20:06","input":null}
{"hora":"2025-05-15 07:22:08","input":null}
{"hora":"2025-05-15 07:22:08","input":null}
{"hora":"2025-05-15 07:22:09","input":null}
{"hora":"2025-05-15 07:22:09","input":null}
{"hora":"2025-05-15 07:22:15","input":null}
{"hora":"2025-05-15 07:29:39","input":{"token":"eyJ0eXAiOiJKV1QiLCJhbGciOiJIUzI1NiJ9.eyJpYXQiOjE3NDcyOTQxNzksImV4cCI6MTc0NzI5NDc3OSwidWlkIjoxLCJ1c3VhcmlvIjoiYWRtaW4iLCJyb2wiOiJhZG1pbiJ9.tPmOGkA9HXirdmM4Uo_3NDKlmM4sMrQEjQZXuOIYi6U"}}
